[20:20:21] [ServerMain/INFO]: [bootstrap] Running Java 21 (OpenJDK 64-Bit Server VM 21.0.6+7-Ubuntu-120.04.1; Ubuntu null) on Linux 6.8.0-1026-azure (amd64)
[20:20:21] [ServerMain/INFO]: [bootstrap] Loading Paper 1.21-130-master@b1b5d4c (2024-08-10T10:02:42Z) for Minecraft 1.21
[20:20:21] [ServerMain/INFO]: [PluginInitializerManager] Initializing plugins...
[20:20:21] [ServerMain/INFO]: [PluginInitializerManager] Initialized 0 plugins
[20:20:26] [ServerMain/INFO]: Environment: Environment[sessionHost=https://sessionserver.mojang.com, servicesHost=https://api.minecraftservices.com, name=PROD]
[20:20:28] [ServerMain/INFO]: Loaded 1290 recipes
[20:20:28] [ServerMain/INFO]: Loaded 1399 advancements
[20:20:28] [Server thread/INFO]: Starting minecraft server version 1.21
[20:20:28] [Server thread/INFO]: Loading properties
[20:20:28] [Server thread/INFO]: This server is running Paper version 1.21-130-master@b1b5d4c (2024-08-10T10:02:42Z) (Implementing API version 1.21-R0.1-SNAPSHOT)
[20:20:29] [Server thread/INFO]: [spark] This server bundles the spark profiler. For more information please visit https://docs.papermc.io/paper/profiling
[20:20:29] [Server thread/INFO]: Server Ping Player Sample Count: 12
[20:20:29] [Server thread/INFO]: Using 4 threads for Netty based IO
[20:20:30] [Server thread/INFO]: [ChunkTaskScheduler] Chunk system is using 1 I/O threads, 1 worker threads, and population gen parallelism of 1 threads
[20:20:30] [Server thread/INFO]: Default game type: SURVIVAL
[20:20:30] [Server thread/INFO]: Generating keypair
[20:20:30] [Server thread/INFO]: Starting Minecraft server on *:25565
[20:20:30] [Server thread/INFO]: Using epoll channel type
[20:20:30] [Server thread/INFO]: Paper: Using libdeflate (Linux x86_64) compression from Velocity.
[20:20:30] [Server thread/INFO]: Paper: Using OpenSSL 1.1.x (Linux x86_64) cipher from Velocity.
[20:20:31] [Server thread/INFO]: Server permissions file permissions.yml is empty, ignoring it
[20:20:31] [Server thread/WARN]: **** SERVER IS RUNNING IN OFFLINE/INSECURE MODE!
[20:20:31] [Server thread/WARN]: The server will make no attempt to authenticate usernames. Beware.
[20:20:31] [Server thread/WARN]: While this makes the game possible to play without internet access, it also opens up the ability for hackers to connect with any username they choose.
[20:20:31] [Server thread/WARN]: To change this, set "online-mode" to "true" in the server.properties file.
[20:20:31] [Server thread/INFO]: Preparing level "world"
[20:20:31] [Server thread/INFO]: Preparing start region for dimension minecraft:overworld
[20:20:32] [Server thread/INFO]: Time elapsed: 1360 ms
[20:20:32] [Server thread/INFO]: Preparing start region for dimension minecraft:the_nether
[20:20:33] [Server thread/INFO]: Time elapsed: 215 ms
[20:20:33] [Server thread/INFO]: Preparing start region for dimension minecraft:the_end
[20:20:33] [Server thread/INFO]: Time elapsed: 120 ms
[20:20:33] [Server thread/INFO]: [spark] Starting background profiler...
[20:20:33] [Server thread/INFO]: Done preparing level "world" (2.530s)
[20:20:33] [Server thread/INFO]: Running delayed init tasks
[20:20:33] [Server thread/INFO]: Done (13.031s)! For help, type "help"
[20:20:33] [Server thread/INFO]: Timings Reset
[20:26:23] [User Authenticator #0/INFO]: UUID of player ElOsoMC2 is f12fd785-dbf0-318e-b949-84596aedbf80
[20:26:28] [Server thread/INFO]: ElOsoMC2 joined the game
[20:26:28] [Server thread/INFO]: ElOsoMC2[/127.77.76.76:45481] logged in with entity id 15 at ([world]376.70594293498243, 63.0, 165.7953443605794)
[20:26:28] [Server thread/WARN]: [ca.spottedleaf.moonrise.patches.chunk_system.level.entity.EntityLookup] Entity uuid already exists: 97ab0248-d09b-4046-9e92-89e9e787c031, mapped to Villager['Villager'/32, uuid='97ab0248-d09b-4046-9e92-89e9e787c031', l='ServerLevel[world]', x=337.28, y=82.73, z=169.50, cpos=[21, 10], tl=11701, v=true], can't add Villager['Villager'/53, uuid='97ab0248-d09b-4046-9e92-89e9e787c031', l='ServerLevel[world]', x=334.87, y=80.00, z=172.81, cpos=[20, 10], tl=11558, v=false]
[20:26:28] [Server thread/WARN]: [ca.spottedleaf.moonrise.patches.chunk_system.level.entity.EntityLookup] Entity uuid already exists: 67b65ed2-1d12-4797-b117-203976708240, mapped to Bat['Bat'/62, uuid='67b65ed2-1d12-4797-b117-203976708240', l='ServerLevel[world]', x=336.83, y=-8.88, z=157.62, cpos=[21, 9], tl=297, v=true], can't add Bat['Bat'/67, uuid='67b65ed2-1d12-4797-b117-203976708240', l='ServerLevel[world]', x=333.30, y=-8.93, z=155.82, cpos=[20, 9], tl=154, v=false]
[20:26:30] [Server thread/WARN]: [ca.spottedleaf.moonrise.patches.chunk_system.level.entity.EntityLookup] Entity uuid already exists: b586df85-92bc-44e1-aae4-a6b3d696b4d8, mapped to Bat['Bat'/151, uuid='b586df85-92bc-44e1-aae4-a6b3d696b4d8', l='ServerLevel[world]', x=354.74, y=59.16, z=51.97, cpos=[22, 3], tl=658, v=true], can't add Bat['Bat'/176, uuid='b586df85-92bc-44e1-aae4-a6b3d696b4d8', l='ServerLevel[world]', x=351.73, y=57.71, z=49.02, cpos=[21, 3], tl=511, v=false]
[20:26:43] [Server thread/INFO]: ElOsoMC2 lost connection: Disconnected
[20:26:43] [Server thread/INFO]: ElOsoMC2 left the game
